<?xml version="1.0" encoding="UTF-8"?>
<!-- Generated by org.testng.reporters.JUnitReportReporter -->
<testsuite hostname="DESKTOP-L7RHACA" failures="0" tests="4" name="com.ws.tests.TestLoginPage" time="8.949" errors="0" timestamp="2024-02-23T15:55:05 CST" skipped="2">
  <testcase classname="com.ws.tests.TestLoginPage" name="ForgotPasswordLinkPresent" time="4.542"/>
  <system-out/>
  <testcase classname="com.ws.tests.TestLoginPage" name="ForgotPasswordFunction" time="4.407"/>
  <system-out/>
  <testcase classname="com.ws.tests.TestLoginPage" name="testHomePageTitle">
    <skipped/>
  </testcase> <!-- testHomePageTitle -->
  <system-out/>
  <testcase classname="com.ws.tests.TestLoginPage" name="testLoginFunction">
    <skipped/>
  </testcase> <!-- testLoginFunction -->
  <system-out/>
</testsuite> <!-- com.ws.tests.TestLoginPage -->
