<?xml version="1.0" encoding="UTF-8"?>
<!-- Generated by org.testng.reporters.JUnitReportReporter -->
<testsuite hostname="DESKTOP-L7RHACA" failures="0" tests="1" name="com.ws.base.DriverScipt" time="6.196" errors="0" timestamp="2024-02-22T08:26:34 CST" skipped="0">
  <testcase classname="com.ws.base.DriverScipt" name="initApplication" time="6.196"/>
  <system-out/>
</testsuite> <!-- com.ws.base.DriverScipt -->
