<?xml version="1.0" encoding="UTF-8"?>
<!-- Generated by org.testng.reporters.JUnitReportReporter -->
<testsuite hostname="DESKTOP-L7RHACA" failures="0" tests="1" name="com.ws.tests.TestBookPage" time="15.129" errors="0" timestamp="2024-02-28T21:25:52 CST" skipped="0">
  <testcase classname="com.ws.tests.TestBookPage" name="TestBookPageTitle" time="15.129"/>
  <system-out/>
</testsuite> <!-- com.ws.tests.TestBookPage -->
