<?xml version="1.0" encoding="UTF-8"?>
<!-- Generated by org.testng.reporters.JUnitReportReporter -->
<testsuite hostname="DESKTOP-L7RHACA" failures="0" tests="3" name="com.ws.tests.TestLoginPage" time="4.876" errors="0" timestamp="2024-02-22T19:53:34 CST" skipped="2">
  <testcase classname="com.ws.tests.TestLoginPage" name="ForgotPasswordLinkPresent" time="4.876"/>
  <system-out/>
  <testcase classname="com.ws.tests.TestLoginPage" name="testLoginFunction">
    <skipped/>
  </testcase> <!-- testLoginFunction -->
  <system-out/>
  <testcase classname="com.ws.tests.TestLoginPage" name="testHomePageTitle">
    <skipped/>
  </testcase> <!-- testHomePageTitle -->
  <system-out/>
</testsuite> <!-- com.ws.tests.TestLoginPage -->
